2026-06-29 22:07:40,323 - INFO - \u2550\u2550\u2550\u2550\u2550\u2550\u2550\u2550\u2550\u2550\u2550\u2550\u2550\u2550\u2550\u2550\u2550\u2550\u2550\u2550\u2550\u2550\u2550\u2550\u2550\u2550\u2550\u2550\u2550\u2550\u2550\u2550\u2550\u2550\u2550\u2550\u2550\u2550
2026-06-29 22:07:40,326 - INFO -   GSE Scraper started at 2026-06-29 22:07:40.325998
2026-06-29 22:07:40,326 - INFO - \u2550\u2550\u2550\u2550\u2550\u2550\u2550\u2550\u2550\u2550\u2550\u2550\u2550\u2550\u2550\u2550\u2550\u2550\u2550\u2550\u2550\u2550\u2550\u2550\u2550\u2550\u2550\u2550\u2550\u2550\u2550\u2550\u2550\u2550\u2550\u2550\u2550\u2550
2026-06-29 22:07:40,326 - INFO - \u2500\u2500 SCRAPE: Starting browser...
2026-06-29 22:07:43,171 - INFO - \u2500\u2500 SCRAPE: Fetching data for 06/29/2026
2026-06-29 22:08:16,808 - INFO - \u2500\u2500 SCRAPE: Selected 'All' entries
2026-06-29 22:08:19,844 - INFO - \u2500\u2500 SCRAPE: Download initiated, waiting for file...
2026-06-29 22:08:50,385 - INFO - \u2500\u2500 SCRAPE: Browser closed
2026-06-29 22:08:50,386 - INFO - \u2500\u2500 CLEAN: Found downloaded file: C:\Users\Tom\Desktop\Re\files (1)\downloads\Daily Shares  ETFs 2023.csv
2026-06-29 22:08:50,386 - INFO - \u2500\u2500 CLEAN: Cleaning data...
2026-06-29 22:08:50,435 - INFO - \u2500\u2500 CLEAN: 25 rows cleaned
2026-06-29 22:08:50,449 - INFO - \u2500\u2500 APPEND: Appending to main dataset...
2026-06-29 22:08:50,466 - INFO - \u2500\u2500 APPEND: No existing file found Ś creating new main dataset
2026-06-29 22:08:50,502 - INFO - \u2500\u2500 APPEND: Done. Total rows in main file: 25
2026-06-29 22:08:50,511 - INFO - \u2713 All steps completed successfully
2026-06-29 22:45:07,039 - INFO - \u2550\u2550\u2550\u2550\u2550\u2550\u2550\u2550\u2550\u2550\u2550\u2550\u2550\u2550\u2550\u2550\u2550\u2550\u2550\u2550\u2550\u2550\u2550\u2550\u2550\u2550\u2550\u2550\u2550\u2550\u2550\u2550\u2550\u2550\u2550\u2550\u2550\u2550
2026-06-29 22:45:07,043 - INFO -   GSE Scraper started at 2026-06-29 22:45:07.042953
2026-06-29 22:45:07,043 - INFO - \u2550\u2550\u2550\u2550\u2550\u2550\u2550\u2550\u2550\u2550\u2550\u2550\u2550\u2550\u2550\u2550\u2550\u2550\u2550\u2550\u2550\u2550\u2550\u2550\u2550\u2550\u2550\u2550\u2550\u2550\u2550\u2550\u2550\u2550\u2550\u2550\u2550\u2550
2026-06-29 22:45:07,043 - INFO - \u2500\u2500 SCRAPE: Starting browser...
2026-06-29 22:45:09,362 - INFO - \u2500\u2500 SCRAPE: Fetching data for 06/29/2026
2026-06-29 22:45:36,011 - INFO - \u2500\u2500 SCRAPE: Selected 'All' entries
2026-06-29 22:45:36,172 - INFO - \u2500\u2500 SCRAPE: Download initiated, waiting for file...
2026-06-29 22:45:54,769 - INFO - \u2500\u2500 SCRAPE: Browser closed
2026-06-29 22:45:54,771 - INFO - \u2500\u2500 CLEAN: Found downloaded file: C:\Users\Tom\Desktop\Re\downloads\Daily Shares  ETFs 2023.csv
2026-06-29 22:45:54,771 - INFO - \u2500\u2500 CLEAN: Cleaning data...
2026-06-29 22:45:54,820 - INFO - \u2500\u2500 CLEAN: 25 rows cleaned
2026-06-29 22:45:54,821 - INFO - \u2500\u2500 APPEND: Appending to main dataset...
2026-06-29 22:45:54,825 - INFO - \u2500\u2500 APPEND: No existing file found Ś creating new main dataset
2026-06-29 22:45:54,838 - INFO - \u2500\u2500 APPEND: Done. Total rows in main file: 25
2026-06-29 22:45:54,838 - INFO - \u2713 All steps completed successfully
2026-06-29 22:50:04,516 - INFO - \u2550\u2550\u2550\u2550\u2550\u2550\u2550\u2550\u2550\u2550\u2550\u2550\u2550\u2550\u2550\u2550\u2550\u2550\u2550\u2550\u2550\u2550\u2550\u2550\u2550\u2550\u2550\u2550\u2550\u2550\u2550\u2550\u2550\u2550\u2550\u2550\u2550\u2550
2026-06-29 22:50:04,525 - INFO -   GSE Scraper started at 2026-06-29 22:50:04.524961
2026-06-29 22:50:04,527 - INFO - \u2550\u2550\u2550\u2550\u2550\u2550\u2550\u2550\u2550\u2550\u2550\u2550\u2550\u2550\u2550\u2550\u2550\u2550\u2550\u2550\u2550\u2550\u2550\u2550\u2550\u2550\u2550\u2550\u2550\u2550\u2550\u2550\u2550\u2550\u2550\u2550\u2550\u2550
2026-06-29 22:50:08,057 - INFO - \u2500\u2500 SCRAPE: Fetching data for 06/29/2026
2026-06-29 22:50:40,658 - INFO - \u2500\u2500 SCRAPE: Selected 'All' entries
2026-06-29 22:50:41,179 - INFO - \u2500\u2500 SCRAPE: Download initiated, waiting for file...
2026-06-29 22:51:10,211 - INFO - \u2500\u2500 SCRAPE: Browser closed
2026-06-29 22:51:10,227 - INFO - \u2500\u2500 CLEAN: Found downloaded file: C:\Users\Tom\Desktop\Re\downloads\Daily Shares  ETFs 2023.csv
2026-06-29 22:51:10,227 - INFO - \u2500\u2500 CLEAN: Cleaning data...
2026-06-29 22:51:10,725 - INFO - \u2500\u2500 CLEAN: 25 rows cleaned
2026-06-29 22:51:11,203 - ERROR - \u2717 Fatal error: [Errno 13] Permission denied: 'C:\\Users\\Tom\\Desktop\\Re\\data.csv'
2026-07-04 17:26:29,208 - INFO - \u2550\u2550\u2550\u2550\u2550\u2550\u2550\u2550\u2550\u2550\u2550\u2550\u2550\u2550\u2550\u2550\u2550\u2550\u2550\u2550\u2550\u2550\u2550\u2550\u2550\u2550\u2550\u2550\u2550\u2550\u2550\u2550\u2550\u2550\u2550\u2550\u2550\u2550
2026-07-04 17:26:29,215 - INFO -   GSE Scraper started at 2026-07-04 17:26:29.215009
2026-07-04 17:26:29,216 - INFO - \u2550\u2550\u2550\u2550\u2550\u2550\u2550\u2550\u2550\u2550\u2550\u2550\u2550\u2550\u2550\u2550\u2550\u2550\u2550\u2550\u2550\u2550\u2550\u2550\u2550\u2550\u2550\u2550\u2550\u2550\u2550\u2550\u2550\u2550\u2550\u2550\u2550\u2550
2026-07-04 17:26:48,775 - INFO - \u2500\u2500 SCRAPE: Fetching data for 07/04/2026
2026-07-04 17:27:21,181 - INFO - \u2500\u2500 SCRAPE: Selected 'All' entries
2026-07-04 17:27:21,363 - INFO - \u2500\u2500 SCRAPE: Download initiated, waiting for file...
2026-07-04 17:27:34,747 - INFO - \u2500\u2500 SCRAPE: Browser closed
2026-07-04 17:27:34,748 - INFO - \u2500\u2500 CLEAN: Found downloaded file: c:\Users\Tom\Desktop\Re\downloads\Daily Shares  ETFs 2023 (1).csv
2026-07-04 17:27:34,749 - INFO - \u2500\u2500 CLEAN: Cleaning data...
2026-07-04 17:27:34,831 - INFO - \u2500\u2500 CLEAN: 39 rows cleaned
2026-07-04 17:27:34,832 - INFO - \u2500\u2500 APPEND: No existing file found Ś creating new main dataset
2026-07-04 17:27:34,843 - INFO - \u2500\u2500 APPEND: Done. Total rows in main file: 39
2026-07-04 17:27:34,844 - INFO - \u2713 All steps completed successfully
2026-07-04 17:57:32,220 - INFO - \u2550\u2550\u2550\u2550\u2550\u2550\u2550\u2550\u2550\u2550\u2550\u2550\u2550\u2550\u2550\u2550\u2550\u2550\u2550\u2550\u2550\u2550\u2550\u2550\u2550\u2550\u2550\u2550\u2550\u2550\u2550\u2550\u2550\u2550\u2550\u2550\u2550\u2550
2026-07-04 17:57:32,222 - INFO -   GSE Scraper started at 2026-07-04 17:57:32.222629
2026-07-04 17:57:32,223 - INFO - \u2550\u2550\u2550\u2550\u2550\u2550\u2550\u2550\u2550\u2550\u2550\u2550\u2550\u2550\u2550\u2550\u2550\u2550\u2550\u2550\u2550\u2550\u2550\u2550\u2550\u2550\u2550\u2550\u2550\u2550\u2550\u2550\u2550\u2550\u2550\u2550\u2550\u2550
2026-07-04 17:57:32,225 - INFO - \u2500\u2500 SCRAPE: Starting browser...
2026-07-04 17:57:34,228 - INFO - \u2500\u2500 SCRAPE: Fetching data for 07/04/2026
2026-07-04 17:58:04,420 - INFO - \u2500\u2500 SCRAPE: Selected 'All' entries
2026-07-04 17:58:04,640 - INFO - \u2500\u2500 SCRAPE: Download initiated, waiting for file...
2026-07-04 17:58:16,906 - INFO - \u2500\u2500 SCRAPE: Browser closed
2026-07-04 17:58:16,907 - INFO - \u2500\u2500 CLEAN: Found downloaded file: c:\Users\Tom\Desktop\Re\downloads\Daily Shares  ETFs 2023.csv
2026-07-04 17:58:16,908 - INFO - \u2500\u2500 CLEAN: Cleaning data...
2026-07-04 17:58:16,969 - INFO - \u2500\u2500 CLEAN: 39 rows cleaned
2026-07-04 17:58:16,970 - INFO - \u2500\u2500 APPEND: Appending to main dataset...
2026-07-04 17:58:16,988 - INFO - \u2500\u2500 APPEND: 39 new rows added to C:\Users\Tom\Desktop\Re\Data.csv
2026-07-04 17:58:16,990 - INFO - \u2713 All steps completed successfully
2026-07-04 18:32:10,796 - INFO - \u2550\u2550\u2550\u2550\u2550\u2550\u2550\u2550\u2550\u2550\u2550\u2550\u2550\u2550\u2550\u2550\u2550\u2550\u2550\u2550\u2550\u2550\u2550\u2550\u2550\u2550\u2550\u2550\u2550\u2550\u2550\u2550\u2550\u2550\u2550\u2550\u2550\u2550
2026-07-04 18:32:10,798 - INFO -   GSE Scraper started at 2026-07-04 18:32:10.798126
2026-07-04 18:32:10,798 - INFO - \u2550\u2550\u2550\u2550\u2550\u2550\u2550\u2550\u2550\u2550\u2550\u2550\u2550\u2550\u2550\u2550\u2550\u2550\u2550\u2550\u2550\u2550\u2550\u2550\u2550\u2550\u2550\u2550\u2550\u2550\u2550\u2550\u2550\u2550\u2550\u2550\u2550\u2550
2026-07-04 18:32:10,800 - INFO - \u2500\u2500 SCRAPE: Starting browser...
2026-07-04 18:33:01,693 - WARNING - Error sending stats to Plausible: error sending request for url (https://plausible.io/api/event)
2026-07-04 18:33:03,216 - INFO - \u2500\u2500 SCRAPE: Fetching data for 04/07/2026
2026-07-04 18:33:36,198 - INFO - \u2500\u2500 SCRAPE: Selected 'All' entries
2026-07-04 18:33:36,390 - INFO - \u2500\u2500 SCRAPE: Download initiated, waiting for file...
2026-07-04 18:33:48,646 - INFO - \u2500\u2500 SCRAPE: Browser closed
2026-07-04 18:33:48,649 - INFO - \u2500\u2500 CLEAN: Found downloaded file: c:\Users\Tom\Desktop\Re\downloads\Daily Shares  ETFs 2023.csv
2026-07-04 18:33:48,650 - INFO - \u2500\u2500 CLEAN: Cleaning data...
2026-07-04 18:33:48,673 - INFO - \u2500\u2500 CLEAN: No data for today Ś the GSE has not published records yet. Stopping.
2026-07-04 18:33:48,674 - INFO - \u2717 Process stopped Ś no data available for today.
2026-07-04 19:51:01,225 - INFO - ŌĢÉŌĢÉŌĢÉŌĢÉŌĢÉŌĢÉŌĢÉŌĢÉŌĢÉŌĢÉŌĢÉŌĢÉŌĢÉŌĢÉŌĢÉŌĢÉŌĢÉŌĢÉŌĢÉŌĢÉŌĢÉŌĢÉŌĢÉŌĢÉŌĢÉŌĢÉŌĢÉŌĢÉŌĢÉŌĢÉŌĢÉŌĢÉŌĢÉŌĢÉŌĢÉŌĢÉŌĢÉŌĢÉ
2026-07-04 19:51:01,225 - INFO -   GSE Scraper started at 2026-07-04 19:51:01.225132
2026-07-04 19:51:01,225 - INFO - ŌĢÉŌĢÉŌĢÉŌĢÉŌĢÉŌĢÉŌĢÉŌĢÉŌĢÉŌĢÉŌĢÉŌĢÉŌĢÉŌĢÉŌĢÉŌĢÉŌĢÉŌĢÉŌĢÉŌĢÉŌĢÉŌĢÉŌĢÉŌĢÉŌĢÉŌĢÉŌĢÉŌĢÉŌĢÉŌĢÉŌĢÉŌĢÉŌĢÉŌĢÉŌĢÉŌĢÉŌĢÉŌĢÉ
2026-07-04 19:51:01,225 - INFO - ŌöĆŌöĆ SCRAPE: Starting browser...
2026-07-04 19:51:04,341 - INFO - ŌöĆŌöĆ SCRAPE: Fetching data for 04/07/2026
2026-07-04 19:51:29,983 - INFO - ŌöĆŌöĆ SCRAPE: Selected 'All' entries
2026-07-04 19:51:30,068 - INFO - ŌöĆŌöĆ SCRAPE: Download initiated, waiting for file...
2026-07-04 19:51:40,143 - INFO - ŌöĆŌöĆ SCRAPE: Browser closed
2026-07-04 19:51:40,143 - INFO - ŌöĆŌöĆ CLEAN: Found downloaded file: /home/runner/work/Ghana-Stock-Exchange-/Ghana-Stock-Exchange-/downloads/Daily Shares  ETFs 2023 (1).csv
2026-07-04 19:51:40,143 - INFO - ŌöĆŌöĆ CLEAN: Cleaning data...
2026-07-04 19:51:40,145 - INFO - ŌöĆŌöĆ CLEAN: No data for today ŌĆö the GSE has not published records yet. Stopping.
2026-07-04 19:51:40,145 - INFO - Ō£Ś Process stopped ŌĆö no data available for today.
